<?xml version="1.0" encoding="UTF-8"?>
<!-- Generated by org.testng.reporters.JUnitReportReporter -->
<testsuite skipped="0" hostname="DESKTOP-G1D598I" name="AppiumProject1.TestInvalidLogin" tests="1" failures="0" timestamp="2020-11-07T19:31:01 IST" time="97.771" errors="0">
  <testcase name="InvalidLogin" time="97.771" classname="AppiumProject1.TestInvalidLogin"/>
  <system-out/>
</testsuite> <!-- AppiumProject1.TestInvalidLogin -->
